<?xml version="1.0" encoding="UTF-8"?>
<testng-results skipped="0" failed="0" ignored="0" total="3" passed="3">
  <reporter-output>
  </reporter-output>
  <suite name="Test Maven Suite" duration-ms="99" started-at="2018-09-28T10:59:01Z" finished-at="2018-09-28T10:59:02Z">
    <groups>
    </groups>
    <test name="Test Maven Suite" duration-ms="99" started-at="2018-09-28T10:59:01Z" finished-at="2018-09-28T10:59:02Z">
      <class name="mavenPackage.firsttestcaseInMaven">
        <test-method status="PASS" signature="test1()[pri:0, instance:mavenPackage.firsttestcaseInMaven@be92ad]" name="test1" duration-ms="13" started-at="2018-09-28T10:59:02Z" finished-at="2018-09-28T10:59:02Z">
          <reporter-output>
          </reporter-output>
        </test-method> <!-- test1 -->
        <test-method status="PASS" signature="test2()[pri:0, instance:mavenPackage.firsttestcaseInMaven@be92ad]" name="test2" duration-ms="1" started-at="2018-09-28T10:59:02Z" finished-at="2018-09-28T10:59:02Z">
          <reporter-output>
          </reporter-output>
        </test-method> <!-- test2 -->
        <test-method status="PASS" signature="testMiddle()[pri:0, instance:mavenPackage.firsttestcaseInMaven@be92ad]" name="testMiddle" duration-ms="2" started-at="2018-09-28T10:59:02Z" finished-at="2018-09-28T10:59:02Z">
          <reporter-output>
          </reporter-output>
        </test-method> <!-- testMiddle -->
      </class> <!-- mavenPackage.firsttestcaseInMaven -->
    </test> <!-- Test Maven Suite -->
  </suite> <!-- Test Maven Suite -->
</testng-results>
