<?xml version="1.0" encoding="UTF-8"?>
<!-- Generated by org.testng.reporters.JUnitXMLReporter -->
<testsuite hostname="QAP9-PC" ignored="0" name="Default test" tests="3" failures="0" timestamp="27 Sep 2018 11:33:10 GMT" time="0.058" errors="0">
  <testcase name="test1" time="0.013" classname="mavenPackage.firsttestcaseInMaven"/>
  <testcase name="test2" time="0.001" classname="mavenPackage.firsttestcaseInMaven"/>
  <testcase name="testMiddle" time="0.003" classname="mavenPackage.firsttestcaseInMaven"/>
</testsuite> <!-- Default test -->
