<?xml version="1.0" encoding="UTF-8"?>
<!-- Generated by org.testng.reporters.JUnitXMLReporter -->
<testsuite hostname="QAP9-PC" ignored="0" name="Test Maven Suite" tests="3" failures="0" timestamp="28 Sep 2018 10:59:02 GMT" time="0.099" errors="0">
  <testcase name="test1" time="0.013" classname="mavenPackage.firsttestcaseInMaven"/>
  <testcase name="test2" time="0.001" classname="mavenPackage.firsttestcaseInMaven"/>
  <testcase name="testMiddle" time="0.002" classname="mavenPackage.firsttestcaseInMaven"/>
</testsuite> <!-- Test Maven Suite -->
